
synthesis -f "and00_and0_lattice.synproj"
synthesis:  version Diamond (64-bit) 3.14.0.75.2

Copyright (c) 1991-1994 by NeoCAD Inc. All rights reserved.
Copyright (c) 1995 AT&T Corp.   All rights reserved.
Copyright (c) 1995-2001 Lucent Technologies Inc.  All rights reserved.
Copyright (c) 2001 Agere Systems   All rights reserved.
Copyright (c) 2002-2024 Lattice Semiconductor Corporation,  All rights reserved.
Wed Feb 19 08:28:22 2025


Command Line:  synthesis -f and00_and0_lattice.synproj -gui 

    <postMsg mid="35002000" type="Info"    dynamic="0" navigation="0"  />
Synthesis options:
The -a option is MachXO2.
The -s option is 5.
The -t option is TQFP144.
The -d option is LCMXO2-7000HE.
Using package TQFP144.
Using performance grade 5.
                                                          

##########################################################

### Lattice Family : MachXO2

### Device  : LCMXO2-7000HE

### Package : TQFP144

### Speed   : 5

##########################################################

                                                          

    <postMsg mid="35001781" type="Info"    dynamic="0" navigation="0"  />
Optimization goal = Balanced
The -top option is not used.
Target frequency = 200.000000 MHz.
Maximum fanout = 1000.
Timing path count = 3
BRAM utilization = 100.000000 %
DSP usage = true
DSP utilization = 100.000000 %
fsm_encoding_style = auto
resolve_mixed_drivers = 0
fix_gated_clocks = 1

Mux style = Auto
Use Carry Chain = true
carry_chain_length = 0
Loop Limit = 1950.
Use IO Insertion = TRUE
Use IO Reg = AUTO

Resource Sharing = TRUE
Propagate Constants = TRUE
Remove Duplicate Registers = TRUE
force_gsr = auto
ROM style = auto
RAM style = auto
The -comp option is FALSE.
The -syn option is FALSE.
-p C:/lscc/diamond/3.14/ispfpga/xo2c00/data (searchpath added)
-p D:/Archivos/Escuela/Arquitectura de Computadoras/Practicas/01-and00/and0 (searchpath added)
-p D:/Archivos/Escuela/Arquitectura de Computadoras/Practicas/01-and00 (searchpath added)
VHDL library = work
VHDL design file = D:/Archivos/Escuela/Arquitectura de Computadoras/Practicas/01-and00/and00.vhd
NGD file = and00_and0.ngd
-sdc option: SDC file input not used.
-lpf option: Output file option is ON.
Hardtimer checking is enabled (default). The -dt option is not used.
The -r option is OFF. [ Remove LOC Properties is OFF. ]
Technology check ok...

Analyzing Verilog file C:/lscc/diamond/3.14/ispfpga/userware/NT/SYNTHESIS_HEADERS/machxo2.v. VERI-1482
Compile design.
Compile Design Begin
    <postMsg mid="35001200" type="Warning" dynamic="1" navigation="0" arg0="and00"  />
    <postMsg mid="35921504" type="Info"    dynamic="2" navigation="0" arg0="" arg1="D:/Archivos/Escuela/Arquitectura de Computadoras/Practicas/01-and00/and0"  />
Analyzing VHDL file d:/archivos/escuela/arquitectura de computadoras/practicas/01-and00/and00.vhd. VHDL-1481
    <postMsg mid="35921012" type="Info"    dynamic="2" navigation="2" arg0="d:/archivos/escuela/arquitectura de computadoras/practicas/01-and00/and00.vhd(6): " arg1="and00" arg2="d:/archivos/escuela/arquitectura de computadoras/practicas/01-and00/and00.vhd" arg3="6"  />
    <postMsg mid="35921010" type="Info"    dynamic="2" navigation="2" arg0="d:/archivos/escuela/arquitectura de computadoras/practicas/01-and00/and00.vhd(14): " arg1="and0" arg2="d:/archivos/escuela/arquitectura de computadoras/practicas/01-and00/and00.vhd" arg3="14"  />
unit and00 is not yet analyzed. VHDL-1485
unit and00 is not yet analyzed. VHDL-1485
Analyzing VHDL file d:/archivos/escuela/arquitectura de computadoras/practicas/01-and00/and00.vhd. VHDL-1481
    <postMsg mid="35921012" type="Info"    dynamic="2" navigation="2" arg0="d:/archivos/escuela/arquitectura de computadoras/practicas/01-and00/and00.vhd(6): " arg1="and00" arg2="d:/archivos/escuela/arquitectura de computadoras/practicas/01-and00/and00.vhd" arg3="6"  />
    <postMsg mid="35921010" type="Info"    dynamic="2" navigation="2" arg0="d:/archivos/escuela/arquitectura de computadoras/practicas/01-and00/and00.vhd(14): " arg1="and0" arg2="d:/archivos/escuela/arquitectura de computadoras/practicas/01-and00/and00.vhd" arg3="14"  />
unit and00 is not yet analyzed. VHDL-1485
unit and00 is not yet analyzed. VHDL-1485
unit and00 is not yet analyzed. VHDL-1485
d:/archivos/escuela/arquitectura de computadoras/practicas/01-and00/and00.vhd(6): executing and00(and0)

    <postMsg mid="35921205" type="Warning" dynamic="3" navigation="2" arg0="d:/archivos/escuela/arquitectura de computadoras/practicas/01-and00/and00.vhd(12): " arg1="and00" arg2="and0" arg3="d:/archivos/escuela/arquitectura de computadoras/practicas/01-and00/and00.vhd" arg4="12"  />
Top module name (VHDL): and00
Last elaborated design is and00(and0)
Loading NGL library 'C:/lscc/diamond/3.14/ispfpga/xo2c00a/data/xo2alib.ngl'...
Loading NGL library 'C:/lscc/diamond/3.14/ispfpga/xo2c00/data/xo2clib.ngl'...
Loading NGL library 'C:/lscc/diamond/3.14/ispfpga/mg5g00/data/mg5glib.ngl'...
Loading NGL library 'C:/lscc/diamond/3.14/ispfpga/or5g00/data/orc5glib.ngl'...
Loading device for application map from file 'xo2c7000.nph' in environment: C:/lscc/diamond/3.14/ispfpga.
Package Status:                     Final          Version 1.39.
Top-level module name = and00.



GSR will not be inferred because no asynchronous signal was found in the netlist.
Applying 200.000000 MHz constraint to all clocks

    <postMsg mid="35001611" type="Warning" dynamic="0" navigation="0"  />
Results of NGD DRC are available in and00_drc.log.
Loading NGL library 'C:/lscc/diamond/3.14/ispfpga/xo2c00a/data/xo2alib.ngl'...
Loading NGL library 'C:/lscc/diamond/3.14/ispfpga/xo2c00/data/xo2clib.ngl'...
Loading NGL library 'C:/lscc/diamond/3.14/ispfpga/mg5g00/data/mg5glib.ngl'...
Loading NGL library 'C:/lscc/diamond/3.14/ispfpga/or5g00/data/orc5glib.ngl'...


Running DRC...

    <postMsg mid="1166052" type="Warning" dynamic="2" navigation="1" arg0="logical" arg1="GND_net" arg2="GND_net"  />
    <postMsg mid="1163101" type="Warning" dynamic="1" navigation="0" arg0="1"  />

Design Results:
     36 blocks expanded
completed the first expansion
All blocks are expanded and NGD expansion is successful.
Writing NGD file and00_and0.ngd.

################### Begin Area Report (and00)######################
Number of register bits => 0 of 7209 (0 % )
GSR => 1
IB => 16
LUT4 => 8
OB => 8
################### End Area Report ##################

################### Begin BlackBox Report ######################
TSALL => 1
################### End BlackBox Report ##################

################### Begin Clock Report ######################
Clock Nets
Number of Clocks: 0
Clock Enable Nets
Number of Clock Enables: 0
Top 0 highest fanout Clock Enables:
Highest fanout non-clock nets
Top 10 highest fanout non-clock nets:
  Net : Aa_c_7, loads : 1
  Net : Aa_c_6, loads : 1
  Net : Aa_c_5, loads : 1
  Net : Aa_c_4, loads : 1
  Net : Aa_c_3, loads : 1
  Net : Aa_c_2, loads : 1
  Net : Aa_c_1, loads : 1
  Net : Aa_c_0, loads : 1
  Net : Ba_c_7, loads : 1
  Net : Ba_c_6, loads : 1
################### End Clock Report ##################

Peak Memory Usage: 75.984  MB

--------------------------------------------------------------
Elapsed CPU time for LSE flow : 1.172  secs
--------------------------------------------------------------

map -a "MachXO2" -p LCMXO2-7000HE -t TQFP144 -s 5 -oc Commercial   "and00_and0.ngd" -o "and00_and0_map.ncd" -pr "and00_and0.prf" -mp "and00_and0.mrp" -lpf "D:/Archivos/Escuela/Arquitectura de Computadoras/Practicas/01-and00/and0/and00_and0.lpf" -lpf "D:/Archivos/Escuela/Arquitectura de Computadoras/Practicas/01-and00/and00.lpf"  -c 0           
map:  version Diamond (64-bit) 3.14.0.75.2

Copyright (c) 1991-1994 by NeoCAD Inc. All rights reserved.
Copyright (c) 1995 AT&T Corp.   All rights reserved.
Copyright (c) 1995-2001 Lucent Technologies Inc.  All rights reserved.
Copyright (c) 2001 Agere Systems   All rights reserved.
Copyright (c) 2002-2024 Lattice Semiconductor Corporation,  All rights reserved.
   Process the file: and00_and0.ngd
   Picdevice="LCMXO2-7000HE"

   Pictype="TQFP144"

   Picspeed=5

   Remove unused logic

   Do not produce over sized NCDs.

Part used: LCMXO2-7000HETQFP144, Performance used: 5.

Loading device for application map from file 'xo2c7000.nph' in environment: C:/lscc/diamond/3.14/ispfpga.
Package Status:                     Final          Version 1.39.

Running general design DRC...

Removing unused logic...

Optimizing...




Design Summary:
   Number of registers:      0 out of  7209 (0%)
      PFU registers:            0 out of  6864 (0%)
      PIO registers:            0 out of   345 (0%)
   Number of SLICEs:         8 out of  3432 (0%)
      SLICEs as Logic/ROM:      8 out of  3432 (0%)
      SLICEs as RAM:            0 out of  2574 (0%)
      SLICEs as Carry:          0 out of  3432 (0%)
   Number of LUT4s:          8 out of  6864 (0%)
      Number used as logic LUTs:          8
      Number used as distributed RAM:     0
      Number used as ripple logic:        0
      Number used as shift registers:     0
   Number of PIO sites used: 24 + 4(JTAG) out of 115 (24%)
   Number of block RAMs:  0 out of 26 (0%)
   Number of GSRs:        0 out of 1 (0%)
   EFB used :        No
   JTAG used :       No
   Readback used :   No
   Oscillator used : No
   Startup used :    No
   POR :             On
   Bandgap :         On
   Number of Power Controller:  0 out of 1 (0%)
   Number of Dynamic Bank Controller (BCINRD):  0 out of 6 (0%)
   Number of Dynamic Bank Controller (BCLVDSO):  0 out of 1 (0%)
   Number of DCCA:  0 out of 8 (0%)
   Number of DCMA:  0 out of 2 (0%)
   Number of PLLs:  0 out of 2 (0%)
   Number of DQSDLLs:  0 out of 2 (0%)
   Number of CLKDIVC:  0 out of 4 (0%)
   Number of ECLKSYNCA:  0 out of 4 (0%)
   Number of ECLKBRIDGECS:  0 out of 2 (0%)
   Notes:-
      1. Total number of LUT4s = (Number of logic LUT4s) + 2*(Number of distributed RAMs) + 2*(Number of ripple logic)
      2. Number of logic LUT4s does not include count of distributed RAM and ripple logic.
   Number of clocks:  0
   Number of Clock Enables:  0
   Number of LSRs:  0
   Number of nets driven by tri-state buffers:  0
   Top 10 highest fanout non-clock nets:
     Net Aa_c_3: 1 loads
     Net Aa_c_4: 1 loads
     Net Aa_c_5: 1 loads
     Net Ba_c_3: 1 loads
     Net Ba_c_4: 1 loads
     Net Ba_c_5: 1 loads
     Net Ya_c_3: 1 loads
     Net Ya_c_4: 1 loads
     Net Ya_c_5: 1 loads
     Net Ya_c_7: 1 loads
 

   Number of warnings:  0
   Number of errors:    0



Total CPU Time: 0 secs  
Total REAL Time: 0 secs  
Peak Memory Usage: 37 MB

Dumping design to file and00_and0_map.ncd.

ncd2vdb "and00_and0_map.ncd" ".vdbs/and00_and0_map.vdb"

Loading device for application ncd2vdb from file 'xo2c7000.nph' in environment: C:/lscc/diamond/3.14/ispfpga.

mpartrce -p "and00_and0.p2t" -f "and00_and0.p3t" -tf "and00_and0.pt" "and00_and0_map.ncd" "and00_and0.ncd"

---- MParTrce Tool ----
Removing old design directory at request of -rem command line option to this program.
Running par. Please wait . . .

Lattice Place and Route Report for Design "and00_and0_map.ncd"
Wed Feb 19 08:28:29 2025

PAR: Place And Route Diamond (64-bit) 3.14.0.75.2.
Command Line: par -w -l 5 -i 6 -t 1 -c 0 -e 0 -gui -exp parUseNBR=1:parCDP=0:parCDR=0:parPathBased=OFF:parASE=1 and00_and0_map.ncd and00_and0.dir/5_1.ncd and00_and0.prf
Preference file: and00_and0.prf.
Placement level-cost: 5-1.
Routing Iterations: 6

Loading design for application par from file and00_and0_map.ncd.
Design name: and00
NCD version: 3.3
Vendor:      LATTICE
Device:      LCMXO2-7000HE
Package:     TQFP144
Performance: 5
Loading device for application par from file 'xo2c7000.nph' in environment: C:/lscc/diamond/3.14/ispfpga.
Package Status:                     Final          Version 1.39.
Performance Hardware Data Status:   Final          Version 36.4.
License checked out.


Ignore Preference Error(s):  True
Device utilization summary:

   PIO (prelim)   24+4(JTAG)/336     8% used
                  24+4(JTAG)/115     24% bonded

   SLICE              8/3432         <1% used



Number of Signals: 24
Number of Connections: 24

Pin Constraint Summary:
   0 out of 24 pins locked (0% locked).

No signal is selected as primary clock.


No signal is selected as secondary clock.

No signal is selected as Global Set/Reset.
.
Starting Placer Phase 0.
...........
Finished Placer Phase 0.  REAL time: 2 secs 

Starting Placer Phase 1.
....................
Placer score = 1713.
Finished Placer Phase 1.  REAL time: 28 secs 

Starting Placer Phase 2.
.
Placer score =  1656
Finished Placer Phase 2.  REAL time: 28 secs 


------------------ Clock Report ------------------

Global Clock Resources:
  CLK_PIN    : 0 out of 8 (0%)
  PLL        : 0 out of 2 (0%)
  DCM        : 0 out of 2 (0%)
  DCC        : 0 out of 8 (0%)

Global Clocks:

  PRIMARY  : 0 out of 8 (0%)
  SECONDARY: 0 out of 8 (0%)

Edge Clocks:
  No edge clock selected.

--------------- End of Clock Report ---------------


I/O Usage Summary (final):
   24 + 4(JTAG) out of 336 (8.3%) PIO sites used.
   24 + 4(JTAG) out of 115 (24.3%) bonded PIO sites used.
   Number of PIO comps: 24; differential: 0.
   Number of Vref pins used: 0.

I/O Bank Usage Summary:
+----------+----------------+------------+-----------+
| I/O Bank | Usage          | Bank Vccio | Bank Vref |
+----------+----------------+------------+-----------+
| 0        | 0 / 28 (  0%)  | -          | -         |
| 1        | 9 / 29 ( 31%)  | 2.5V       | -         |
| 2        | 15 / 29 ( 51%) | 2.5V       | -         |
| 3        | 0 / 9 (  0%)   | -          | -         |
| 4        | 0 / 10 (  0%)  | -          | -         |
| 5        | 0 / 10 (  0%)  | -          | -         |
+----------+----------------+------------+-----------+

Total placer CPU time: 25 secs 

Dumping design to file and00_and0.dir/5_1.ncd.


-----------------------------------------------------------------
INFO - par: ASE feature is off due to non timing-driven settings.  
-----------------------------------------------------------------

0 connections routed; 24 unrouted.
Starting router resource preassignment

Completed router resource preassignment. Real time: 31 secs 

Start NBR router at 08:29:00 02/19/25

*****************************************************************
Info: NBR allows conflicts(one node used by more than one signal)
      in the earlier iterations. In each iteration, it tries to  
      solve the conflicts while keeping the critical connections 
      routed as short as possible. The routing process is said to
      be completed when no conflicts exist and all connections   
      are routed.                                                
Note: NBR uses a different method to calculate timing slacks. The
      worst slack and total negative slack may not be the same as
      that in TRCE report. You should always run TRCE to verify  
      your design.                                               
*****************************************************************

Start NBR special constraint process at 08:29:00 02/19/25

Start NBR section for initial routing at 08:29:00 02/19/25
Level 4, iteration 1
0(0.00%) conflict; 0(0.00%) untouched conn; 0 (nbr) score; real time: 32 secs 

Info: Initial congestion level at 75% usage is 0
Info: Initial congestion area  at 75% usage is 0 (0.00%)

Start NBR section for normal routing at 08:29:01 02/19/25
Level 4, iteration 1
0(0.00%) conflict; 0(0.00%) untouched conn; 0 (nbr) score; real time: 32 secs 

Start NBR section for re-routing at 08:29:01 02/19/25
Level 4, iteration 1
0(0.00%) conflict; 0(0.00%) untouched conn; 0 (nbr) score; real time: 32 secs 

Start NBR section for post-routing at 08:29:01 02/19/25

End NBR router with 0 unrouted connection

NBR Summary
-----------
  Number of unrouted connections : 0 (0.00%)
  Number of connections with timing violations : 0 (0.00%)
  Estimated worst slack<setup> : <n/a>
  Timing score<setup> : 0
-----------
Notes: The timing info is calculated for SETUP only and all PAR_ADJs are ignored.



Total CPU time 28 secs 
Total REAL time: 32 secs 
Completely routed.
End of route.  24 routed (100.00%); 0 unrouted.

Hold time timing score: 0, hold timing errors: 0

Timing score: 0 

Dumping design to file and00_and0.dir/5_1.ncd.


PAR_SUMMARY::Run status = Completed
PAR_SUMMARY::Number of unrouted conns = 0
PAR_SUMMARY::Worst  slack<setup/<ns>> = <n/a>
PAR_SUMMARY::Timing score<setup/<ns>> = <n/a>
PAR_SUMMARY::Worst  slack<hold /<ns>> = <n/a>
PAR_SUMMARY::Timing score<hold /<ns>> = <n/a>
PAR_SUMMARY::Number of errors = 0

Total CPU  time to completion: 29 secs 
Total REAL time to completion: 32 secs 

par done!

Note: user must run 'Trace' for timing closure signoff.

Copyright (c) 1991-1994 by NeoCAD Inc. All rights reserved.
Copyright (c) 1995 AT&T Corp.   All rights reserved.
Copyright (c) 1995-2001 Lucent Technologies Inc.  All rights reserved.
Copyright (c) 2001 Agere Systems   All rights reserved.
Copyright (c) 2002-2024 Lattice Semiconductor Corporation,  All rights reserved.
Exiting par with exit code 0
Exiting mpartrce with exit code 0

trce -f "and00_and0.pt" -o "and00_and0.twr" "and00_and0.ncd" "and00_and0.prf"
trce:  version Diamond (64-bit) 3.14.0.75.2

Copyright (c) 1991-1994 by NeoCAD Inc. All rights reserved.
Copyright (c) 1995 AT&T Corp.   All rights reserved.
Copyright (c) 1995-2001 Lucent Technologies Inc.  All rights reserved.
Copyright (c) 2001 Agere Systems   All rights reserved.
Copyright (c) 2002-2024 Lattice Semiconductor Corporation,  All rights reserved.

Loading design for application trce from file and00_and0.ncd.
Design name: and00
NCD version: 3.3
Vendor:      LATTICE
Device:      LCMXO2-7000HE
Package:     TQFP144
Performance: 5
Loading device for application trce from file 'xo2c7000.nph' in environment: C:/lscc/diamond/3.14/ispfpga.
Package Status:                     Final          Version 1.39.
Performance Hardware Data Status:   Final          Version 36.4.
Setup and Hold Report

--------------------------------------------------------------------------------
Lattice TRACE Report - Setup, Version Diamond (64-bit) 3.14.0.75.2
Wed Feb 19 08:29:03 2025

Copyright (c) 1991-1994 by NeoCAD Inc. All rights reserved.
Copyright (c) 1995 AT&T Corp.   All rights reserved.
Copyright (c) 1995-2001 Lucent Technologies Inc.  All rights reserved.
Copyright (c) 2001 Agere Systems   All rights reserved.
Copyright (c) 2002-2024 Lattice Semiconductor Corporation,  All rights reserved.

Report Information
------------------
Command line:    trce -v 10 -gt -sethld -sp 5 -sphld m -o and00_and0.twr -gui and00_and0.ncd and00_and0.prf 
Design file:     and00_and0.ncd
Preference file: and00_and0.prf
Device,speed:    LCMXO2-7000HE,5
Report level:    verbose report, limited to 10 items per preference
--------------------------------------------------------------------------------

BLOCK ASYNCPATHS
BLOCK RESETPATHS
--------------------------------------------------------------------------------



Timing summary (Setup):
---------------

Timing errors: 0  Score: 0
Cumulative negative slack: 0

Constraints cover 16 paths, 24 nets, and 24 connections (100.00% coverage)

--------------------------------------------------------------------------------

Total CPU Time: 1 secs 
Total REAL Time: 0 secs 
Peak Memory Usage: 69 MB


tmcheck -par "and00_and0.par" 

bitgen -f "and00_and0.t2b" -w "and00_and0.ncd"  -jedec "and00_and0.prf"


BITGEN: Bitstream Generator Diamond (64-bit) 3.14.0.75.2
Copyright (c) 1991-1994 by NeoCAD Inc. All rights reserved.
Copyright (c) 1995 AT&T Corp.   All rights reserved.
Copyright (c) 1995-2001 Lucent Technologies Inc.  All rights reserved.
Copyright (c) 2001 Agere Systems   All rights reserved.
Copyright (c) 2002-2024 Lattice Semiconductor Corporation,  All rights reserved.


Loading design for application Bitgen from file and00_and0.ncd.
Design name: and00
NCD version: 3.3
Vendor:      LATTICE
Device:      LCMXO2-7000HE
Package:     TQFP144
Performance: 5
Loading device for application Bitgen from file 'xo2c7000.nph' in environment: C:/lscc/diamond/3.14/ispfpga.
Package Status:                     Final          Version 1.39.
Performance Hardware Data Status:   Final          Version 36.4.

Running DRC.
DRC detected 0 errors and 0 warnings.
Reading Preference File from and00_and0.prf.
    <postMsg mid="1009992" type="Info"    dynamic="1" navigation="0" arg0=" SW_XO3D_SECURITY_ENCRYPTION *NOT* controlled by xo2c00.acd ###"  />
    <postMsg mid="1009992" type="Info"    dynamic="1" navigation="0" arg0=" SW_XO3D_SECURITY_ENCRYPTION license_securityIP OK"  />

Preference Summary:
+---------------------------------+---------------------------------+
|  Preference                     |  Current Setting                |
+---------------------------------+---------------------------------+
|                         RamCfg  |                        Reset**  |
+---------------------------------+---------------------------------+
|                     MCCLK_FREQ  |                         2.08**  |
+---------------------------------+---------------------------------+
|                  CONFIG_SECURE  |                          OFF**  |
+---------------------------------+---------------------------------+
|                          INBUF  |                           ON**  |
+---------------------------------+---------------------------------+
|                      JTAG_PORT  |                       ENABLE**  |
+---------------------------------+---------------------------------+
|                       SDM_PORT  |                      DISABLE**  |
+---------------------------------+---------------------------------+
|                 SLAVE_SPI_PORT  |                      DISABLE**  |
+---------------------------------+---------------------------------+
|                MASTER_SPI_PORT  |                      DISABLE**  |
+---------------------------------+---------------------------------+
|                       I2C_PORT  |                      DISABLE**  |
+---------------------------------+---------------------------------+
|        MUX_CONFIGURATION_PORTS  |                      DISABLE**  |
+---------------------------------+---------------------------------+
|                  CONFIGURATION  |                          CFG**  |
+---------------------------------+---------------------------------+
|                COMPRESS_CONFIG  |                           ON**  |
+---------------------------------+---------------------------------+
|                        MY_ASSP  |                          OFF**  |
+---------------------------------+---------------------------------+
|               ONE_TIME_PROGRAM  |                          OFF**  |
+---------------------------------+---------------------------------+
|                 ENABLE_TRANSFR  |                      DISABLE**  |
+---------------------------------+---------------------------------+
|                  SHAREDEBRINIT  |                      DISABLE**  |
+---------------------------------+---------------------------------+
|            BACKGROUND_RECONFIG  |                          OFF**  |
+---------------------------------+---------------------------------+
 *  Default setting.
 ** The specified setting matches the default setting.


Creating bit map...
 
Bitstream Status: Final           Version 1.95.
 
Saving bit stream in "and00_and0.jed".
 
===========
UFM Summary.
===========
UFM Size:        2046 Pages (128*2046 Bits).
UFM Utilization: General Purpose Flash Memory.
 
Available General Purpose Flash Memory: 2046 Pages (Page 0 to Page 2045).
Initialized UFM Pages:                     0 Page.
 
=========
Padding summary
=========
Padded 1241728 bits for this design


Total CPU Time: 7 secs 
Total REAL Time: 9 secs 
Peak Memory Usage: 291 MB
